{"/home/tong/Project/NodeJS_Sonaqube/src/sum.js": {"path":"/home/tong/Project/NodeJS_Sonaqube/src/sum.js","statementMap":{"0":{"start":{"line":2,"column":4},"end":{"line":3,"column":15}},"1":{"start":{"line":3,"column":6},"end":{"line":3,"column":15}},"2":{"start":{"line":4,"column":4},"end":{"line":4,"column":17}},"3":{"start":{"line":6,"column":2},"end":{"line":6,"column":23}},"4":{"start":{"line":7,"column":0},"end":{"line":7,"column":9}}},"fnMap":{"0":{"name":"sum","decl":{"start":{"line":1,"column":9},"end":{"line":1,"column":12}},"loc":{"start":{"line":1,"column":19},"end":{"line":5,"column":3}},"line":1}},"branchMap":{"0":{"loc":{"start":{"line":2,"column":4},"end":{"line":3,"column":15}},"type":"if","locations":[{"start":{"line":2,"column":4},"end":{"line":3,"column":15}},{"start":{"line":2,"column":4},"end":{"line":3,"column":15}}],"line":2}},"s":{"0":3,"1":0,"2":3,"3":1,"4":1},"f":{"0":3},"b":{"0":[0,3]},"_coverageSchema":"1a1c01bbd47fc00a2c39e90264f33305004495a9","hash":"906511a742e120f6b7fb4473f542ed5a2ba8ecce"}
}
